Flutter crash report; please file at https://github.com/flutter/flutter/issues.

## command

flutter --no-color packages get

## exception

_TypeError: type 'YamlMap' is not a subtype of type 'Iterable<dynamic>'

```
#0      _validateFonts (package:flutter_tools/src/flutter_manifest.dart:410:47)
#1      _validateFlutter (package:flutter_tools/src/flutter_manifest.dart:355:9)
#2      _validate (package:flutter_tools/src/flutter_manifest.dart:313:9)
<asynchronous suspension>
#3      FlutterManifest._createFromYaml (package:flutter_tools/src/flutter_manifest.dart:45:40)
<asynchronous suspension>
#4      FlutterManifest.createFromString (package:flutter_tools/src/flutter_manifest.dart:40:12)
<asynchronous suspension>
#5      FlutterManifest.createFromPath (package:flutter_tools/src/flutter_manifest.dart:34:12)
<asynchronous suspension>
#6      FlutterProject._readManifest (package:flutter_tools/src/project.dart:143:60)
<asynchronous suspension>
#7      FlutterProject.fromDirectory (package:flutter_tools/src/project.dart:44:44)
<asynchronous suspension>
#8      FlutterProject.fromPath (package:flutter_tools/src/project.dart:59:58)
#9      PackagesGetCommand.runCommand (package:flutter_tools/src/commands/packages.dart:83:61)
<asynchronous suspension>
#10     FlutterCommand.verifyThenRunCommand (package:flutter_tools/src/runner/flutter_command.dart:549:18)
#11     _asyncThenWrapperHelper.<anonymous closure> (dart:async/runtime/lib/async_patch.dart:77:64)
#12     _rootRunUnary (dart:async/zone.dart:1132:38)
#13     _CustomZone.runUnary (dart:async/zone.dart:1029:19)
#14     _FutureListener.handleValue (dart:async/future_impl.dart:126:18)
#15     Future._propagateToListeners.handleValueCallback (dart:async/future_impl.dart:639:45)
#16     Future._propagateToListeners (dart:async/future_impl.dart:668:32)
#17     Future._complete (dart:async/future_impl.dart:473:7)
#18     _SyncCompleter.complete (dart:async/future_impl.dart:51:12)
#19     _AsyncAwaitCompleter.complete.<anonymous closure> (dart:async/runtime/lib/async_patch.dart:33:20)
#20     _rootRun (dart:async/zone.dart:1124:13)
#21     _CustomZone.run (dart:async/zone.dart:1021:19)
#22     _CustomZone.bindCallback.<anonymous closure> (dart:async/zone.dart:947:23)
#23     _microtaskLoop (dart:async/schedule_microtask.dart:41:21)
#24     _startMicrotaskLoop (dart:async/schedule_microtask.dart:50:5)
#25     _runPendingImmediateCallback (dart:isolate/runtime/lib/isolate_patch.dart:115:13)
#26     _RawReceivePortImpl._handleMessage (dart:isolate/runtime/lib/isolate_patch.dart:172:5)
```

## flutter doctor

```
[✓] Flutter (Channel beta, v1.3.8, on Mac OS X 10.14.2 18C54, locale en-IE)
    • Flutter version 1.3.8 at /Users/gerardhorgan/Downloads/flutter
    • Framework revision e5b1ed7a7f (6 weeks ago), 2019-03-06 14:23:37 -0800
    • Engine revision f4951df193
    • Dart version 2.2.1 (build 2.2.1-dev.0.0 571ea80e11)

[✓] Android toolchain - develop for Android devices (Android SDK version 28.0.3)
    • Android SDK at /Users/gerardhorgan/Library/Android/sdk
    • Android NDK location not configured (optional; useful for native profiling support)
    • Platform android-28, build-tools 28.0.3
    • Java binary at: /Applications/Android Studio.app/Contents/jre/jdk/Contents/Home/bin/java
    • Java version OpenJDK Runtime Environment (build 1.8.0_152-release-1248-b01)
    • All Android licenses accepted.

[✓] iOS toolchain - develop for iOS devices (Xcode 10.1)
    • Xcode at /Applications/Xcode.app/Contents/Developer
    • Xcode 10.1, Build version 10B61
    • ios-deploy 1.9.4
    • CocoaPods version 1.6.0.beta.2

[✓] Android Studio (version 3.3)
    • Android Studio at /Applications/Android Studio.app/Contents
    • Flutter plugin version 34.0.1
    • Dart plugin version 182.5215
    • Java version OpenJDK Runtime Environment (build 1.8.0_152-release-1248-b01)

[✓] Connected device (1 available)
    • Android SDK built for x86 • emulator-5554 • android-x86 • Android 9 (API 28) (emulator)

• No issues found!
```
